<?xml version="1.0" encoding="UTF-8"?>
<Site BuildName="(empty)"
	BuildStamp="20231216-1527-Experimental"
	Name="can-TULPAR-T7-V20-4"
	Generator="ctest-3.16.3"
	CompilerName="/usr/bin/c++"
	CompilerVersion="9.4.0"
	OSName="Linux"
	Hostname="can-TULPAR-T7-V20-4"
	OSRelease="5.15.0-91-generic"
	OSVersion="#101~20.04.1-Ubuntu SMP Thu Nov 16 14:22:28 UTC 2023"
	OSPlatform="x86_64"
	Is64Bits="1"
	VendorString="GenuineIntel"
	VendorID="Intel Corporation"
	FamilyID="6"
	ModelID="141"
	ProcessorCacheSize="24576"
	NumberOfLogicalCPU="16"
	NumberOfPhysicalCPU="8"
	TotalVirtualMemory="2047"
	TotalPhysicalMemory="15729"
	LogicalProcessorsPerPhysical="2"
	ProcessorClockFrequency="2300"
	>
	<Testing>
		<StartDateTime>Dec 16 18:27 +03</StartDateTime>
		<StartTestTime>1702740429</StartTestTime>
		<TestList>
			<Test>./copyright</Test>
			<Test>./cppcheck</Test>
			<Test>./cpplint</Test>
			<Test>./lint_cmake</Test>
			<Test>./uncrustify</Test>
			<Test>./xmllint</Test>
		</TestList>
		<Test Status="passed">
			<Name>copyright</Name>
			<Path>.</Path>
			<FullName>./copyright</FullName>
			<FullCommandLine>/usr/bin/python3 "-u" "/opt/ros/foxy/share/ament_cmake_test/cmake/run_test.py" "/home/can/ros2_ws/build/examples_rclcpp_minimal_service/test_results/examples_rclcpp_minimal_service/copyright.xunit.xml" "--package-name" "examples_rclcpp_minimal_service" "--output-file" "/home/can/ros2_ws/build/examples_rclcpp_minimal_service/ament_copyright/copyright.txt" "--command" "/opt/ros/foxy/bin/ament_copyright" "--xunit-file" "/home/can/ros2_ws/build/examples_rclcpp_minimal_service/test_results/examples_rclcpp_minimal_service/copyright.xunit.xml"</FullCommandLine>
			<Results>
				<NamedMeasurement type="numeric/double" name="Execution Time">
					<Value>0.425627</Value>
				</NamedMeasurement>
				<NamedMeasurement type="numeric/double" name="Processors">
					<Value>1</Value>
				</NamedMeasurement>
				<NamedMeasurement type="text/string" name="Completion Status">
					<Value>Completed</Value>
				</NamedMeasurement>
				<NamedMeasurement type="text/string" name="Command Line">
					<Value>/usr/bin/python3 "-u" "/opt/ros/foxy/share/ament_cmake_test/cmake/run_test.py" "/home/can/ros2_ws/build/examples_rclcpp_minimal_service/test_results/examples_rclcpp_minimal_service/copyright.xunit.xml" "--package-name" "examples_rclcpp_minimal_service" "--output-file" "/home/can/ros2_ws/build/examples_rclcpp_minimal_service/ament_copyright/copyright.txt" "--command" "/opt/ros/foxy/bin/ament_copyright" "--xunit-file" "/home/can/ros2_ws/build/examples_rclcpp_minimal_service/test_results/examples_rclcpp_minimal_service/copyright.xunit.xml"</Value>
				</NamedMeasurement>
				<Measurement>
					<Value>-- run_test.py: invoking following command in '/home/can/ros2_ws/src/examples/rclcpp/services/minimal_service':
 - /opt/ros/foxy/bin/ament_copyright --xunit-file /home/can/ros2_ws/build/examples_rclcpp_minimal_service/test_results/examples_rclcpp_minimal_service/copyright.xunit.xml
No problems found, checked 1 files
-- run_test.py: return code 0
-- run_test.py: verify result file '/home/can/ros2_ws/build/examples_rclcpp_minimal_service/test_results/examples_rclcpp_minimal_service/copyright.xunit.xml'
</Value>
				</Measurement>
			</Results>
			<Labels>
				<Label>copyright</Label>
				<Label>linter</Label>
			</Labels>
		</Test>
		<Test Status="passed">
			<Name>cppcheck</Name>
			<Path>.</Path>
			<FullName>./cppcheck</FullName>
			<FullCommandLine>/usr/bin/python3 "-u" "/opt/ros/foxy/share/ament_cmake_test/cmake/run_test.py" "/home/can/ros2_ws/build/examples_rclcpp_minimal_service/test_results/examples_rclcpp_minimal_service/cppcheck.xunit.xml" "--package-name" "examples_rclcpp_minimal_service" "--output-file" "/home/can/ros2_ws/build/examples_rclcpp_minimal_service/ament_cppcheck/cppcheck.txt" "--command" "/opt/ros/foxy/bin/ament_cppcheck" "--xunit-file" "/home/can/ros2_ws/build/examples_rclcpp_minimal_service/test_results/examples_rclcpp_minimal_service/cppcheck.xunit.xml"</FullCommandLine>
			<Results>
				<NamedMeasurement type="numeric/double" name="Execution Time">
					<Value>0.404703</Value>
				</NamedMeasurement>
				<NamedMeasurement type="numeric/double" name="Processors">
					<Value>1</Value>
				</NamedMeasurement>
				<NamedMeasurement type="text/string" name="Completion Status">
					<Value>Completed</Value>
				</NamedMeasurement>
				<NamedMeasurement type="text/string" name="Command Line">
					<Value>/usr/bin/python3 "-u" "/opt/ros/foxy/share/ament_cmake_test/cmake/run_test.py" "/home/can/ros2_ws/build/examples_rclcpp_minimal_service/test_results/examples_rclcpp_minimal_service/cppcheck.xunit.xml" "--package-name" "examples_rclcpp_minimal_service" "--output-file" "/home/can/ros2_ws/build/examples_rclcpp_minimal_service/ament_cppcheck/cppcheck.txt" "--command" "/opt/ros/foxy/bin/ament_cppcheck" "--xunit-file" "/home/can/ros2_ws/build/examples_rclcpp_minimal_service/test_results/examples_rclcpp_minimal_service/cppcheck.xunit.xml"</Value>
				</NamedMeasurement>
				<Measurement>
					<Value>-- run_test.py: invoking following command in '/home/can/ros2_ws/src/examples/rclcpp/services/minimal_service':
 - /opt/ros/foxy/bin/ament_cppcheck --xunit-file /home/can/ros2_ws/build/examples_rclcpp_minimal_service/test_results/examples_rclcpp_minimal_service/cppcheck.xunit.xml
No problems found
-- run_test.py: return code 0
-- run_test.py: verify result file '/home/can/ros2_ws/build/examples_rclcpp_minimal_service/test_results/examples_rclcpp_minimal_service/cppcheck.xunit.xml'
</Value>
				</Measurement>
			</Results>
			<Labels>
				<Label>cppcheck</Label>
				<Label>linter</Label>
			</Labels>
		</Test>
		<Test Status="passed">
			<Name>cpplint</Name>
			<Path>.</Path>
			<FullName>./cpplint</FullName>
			<FullCommandLine>/usr/bin/python3 "-u" "/opt/ros/foxy/share/ament_cmake_test/cmake/run_test.py" "/home/can/ros2_ws/build/examples_rclcpp_minimal_service/test_results/examples_rclcpp_minimal_service/cpplint.xunit.xml" "--package-name" "examples_rclcpp_minimal_service" "--output-file" "/home/can/ros2_ws/build/examples_rclcpp_minimal_service/ament_cpplint/cpplint.txt" "--command" "/opt/ros/foxy/bin/ament_cpplint" "--xunit-file" "/home/can/ros2_ws/build/examples_rclcpp_minimal_service/test_results/examples_rclcpp_minimal_service/cpplint.xunit.xml"</FullCommandLine>
			<Results>
				<NamedMeasurement type="numeric/double" name="Execution Time">
					<Value>0.382316</Value>
				</NamedMeasurement>
				<NamedMeasurement type="numeric/double" name="Processors">
					<Value>1</Value>
				</NamedMeasurement>
				<NamedMeasurement type="text/string" name="Completion Status">
					<Value>Completed</Value>
				</NamedMeasurement>
				<NamedMeasurement type="text/string" name="Command Line">
					<Value>/usr/bin/python3 "-u" "/opt/ros/foxy/share/ament_cmake_test/cmake/run_test.py" "/home/can/ros2_ws/build/examples_rclcpp_minimal_service/test_results/examples_rclcpp_minimal_service/cpplint.xunit.xml" "--package-name" "examples_rclcpp_minimal_service" "--output-file" "/home/can/ros2_ws/build/examples_rclcpp_minimal_service/ament_cpplint/cpplint.txt" "--command" "/opt/ros/foxy/bin/ament_cpplint" "--xunit-file" "/home/can/ros2_ws/build/examples_rclcpp_minimal_service/test_results/examples_rclcpp_minimal_service/cpplint.xunit.xml"</Value>
				</NamedMeasurement>
				<Measurement>
					<Value>-- run_test.py: invoking following command in '/home/can/ros2_ws/src/examples/rclcpp/services/minimal_service':
 - /opt/ros/foxy/bin/ament_cpplint --xunit-file /home/can/ros2_ws/build/examples_rclcpp_minimal_service/test_results/examples_rclcpp_minimal_service/cpplint.xunit.xml
Using '--root=..' argument

Done processing /home/can/ros2_ws/src/examples/rclcpp/services/minimal_service/main.cpp

No problems found
-- run_test.py: return code 0
-- run_test.py: verify result file '/home/can/ros2_ws/build/examples_rclcpp_minimal_service/test_results/examples_rclcpp_minimal_service/cpplint.xunit.xml'
</Value>
				</Measurement>
			</Results>
			<Labels>
				<Label>cpplint</Label>
				<Label>linter</Label>
			</Labels>
		</Test>
		<Test Status="passed">
			<Name>lint_cmake</Name>
			<Path>.</Path>
			<FullName>./lint_cmake</FullName>
			<FullCommandLine>/usr/bin/python3 "-u" "/opt/ros/foxy/share/ament_cmake_test/cmake/run_test.py" "/home/can/ros2_ws/build/examples_rclcpp_minimal_service/test_results/examples_rclcpp_minimal_service/lint_cmake.xunit.xml" "--package-name" "examples_rclcpp_minimal_service" "--output-file" "/home/can/ros2_ws/build/examples_rclcpp_minimal_service/ament_lint_cmake/lint_cmake.txt" "--command" "/opt/ros/foxy/bin/ament_lint_cmake" "--xunit-file" "/home/can/ros2_ws/build/examples_rclcpp_minimal_service/test_results/examples_rclcpp_minimal_service/lint_cmake.xunit.xml"</FullCommandLine>
			<Results>
				<NamedMeasurement type="numeric/double" name="Execution Time">
					<Value>0.378624</Value>
				</NamedMeasurement>
				<NamedMeasurement type="numeric/double" name="Processors">
					<Value>1</Value>
				</NamedMeasurement>
				<NamedMeasurement type="text/string" name="Completion Status">
					<Value>Completed</Value>
				</NamedMeasurement>
				<NamedMeasurement type="text/string" name="Command Line">
					<Value>/usr/bin/python3 "-u" "/opt/ros/foxy/share/ament_cmake_test/cmake/run_test.py" "/home/can/ros2_ws/build/examples_rclcpp_minimal_service/test_results/examples_rclcpp_minimal_service/lint_cmake.xunit.xml" "--package-name" "examples_rclcpp_minimal_service" "--output-file" "/home/can/ros2_ws/build/examples_rclcpp_minimal_service/ament_lint_cmake/lint_cmake.txt" "--command" "/opt/ros/foxy/bin/ament_lint_cmake" "--xunit-file" "/home/can/ros2_ws/build/examples_rclcpp_minimal_service/test_results/examples_rclcpp_minimal_service/lint_cmake.xunit.xml"</Value>
				</NamedMeasurement>
				<Measurement>
					<Value>-- run_test.py: invoking following command in '/home/can/ros2_ws/src/examples/rclcpp/services/minimal_service':
 - /opt/ros/foxy/bin/ament_lint_cmake --xunit-file /home/can/ros2_ws/build/examples_rclcpp_minimal_service/test_results/examples_rclcpp_minimal_service/lint_cmake.xunit.xml

No problems found
-- run_test.py: return code 0
-- run_test.py: verify result file '/home/can/ros2_ws/build/examples_rclcpp_minimal_service/test_results/examples_rclcpp_minimal_service/lint_cmake.xunit.xml'
</Value>
				</Measurement>
			</Results>
			<Labels>
				<Label>lint_cmake</Label>
				<Label>linter</Label>
			</Labels>
		</Test>
		<Test Status="passed">
			<Name>uncrustify</Name>
			<Path>.</Path>
			<FullName>./uncrustify</FullName>
			<FullCommandLine>/usr/bin/python3 "-u" "/opt/ros/foxy/share/ament_cmake_test/cmake/run_test.py" "/home/can/ros2_ws/build/examples_rclcpp_minimal_service/test_results/examples_rclcpp_minimal_service/uncrustify.xunit.xml" "--package-name" "examples_rclcpp_minimal_service" "--output-file" "/home/can/ros2_ws/build/examples_rclcpp_minimal_service/ament_uncrustify/uncrustify.txt" "--command" "/opt/ros/foxy/bin/ament_uncrustify" "--xunit-file" "/home/can/ros2_ws/build/examples_rclcpp_minimal_service/test_results/examples_rclcpp_minimal_service/uncrustify.xunit.xml"</FullCommandLine>
			<Results>
				<NamedMeasurement type="numeric/double" name="Execution Time">
					<Value>0.288647</Value>
				</NamedMeasurement>
				<NamedMeasurement type="numeric/double" name="Processors">
					<Value>1</Value>
				</NamedMeasurement>
				<NamedMeasurement type="text/string" name="Completion Status">
					<Value>Completed</Value>
				</NamedMeasurement>
				<NamedMeasurement type="text/string" name="Command Line">
					<Value>/usr/bin/python3 "-u" "/opt/ros/foxy/share/ament_cmake_test/cmake/run_test.py" "/home/can/ros2_ws/build/examples_rclcpp_minimal_service/test_results/examples_rclcpp_minimal_service/uncrustify.xunit.xml" "--package-name" "examples_rclcpp_minimal_service" "--output-file" "/home/can/ros2_ws/build/examples_rclcpp_minimal_service/ament_uncrustify/uncrustify.txt" "--command" "/opt/ros/foxy/bin/ament_uncrustify" "--xunit-file" "/home/can/ros2_ws/build/examples_rclcpp_minimal_service/test_results/examples_rclcpp_minimal_service/uncrustify.xunit.xml"</Value>
				</NamedMeasurement>
				<Measurement>
					<Value>-- run_test.py: invoking following command in '/home/can/ros2_ws/src/examples/rclcpp/services/minimal_service':
 - /opt/ros/foxy/bin/ament_uncrustify --xunit-file /home/can/ros2_ws/build/examples_rclcpp_minimal_service/test_results/examples_rclcpp_minimal_service/uncrustify.xunit.xml
No code style divergence in file 'main.cpp'

No problems found
-- run_test.py: return code 0
-- run_test.py: verify result file '/home/can/ros2_ws/build/examples_rclcpp_minimal_service/test_results/examples_rclcpp_minimal_service/uncrustify.xunit.xml'
</Value>
				</Measurement>
			</Results>
			<Labels>
				<Label>linter</Label>
				<Label>uncrustify</Label>
			</Labels>
		</Test>
		<Test Status="passed">
			<Name>xmllint</Name>
			<Path>.</Path>
			<FullName>./xmllint</FullName>
			<FullCommandLine>/usr/bin/python3 "-u" "/opt/ros/foxy/share/ament_cmake_test/cmake/run_test.py" "/home/can/ros2_ws/build/examples_rclcpp_minimal_service/test_results/examples_rclcpp_minimal_service/xmllint.xunit.xml" "--package-name" "examples_rclcpp_minimal_service" "--output-file" "/home/can/ros2_ws/build/examples_rclcpp_minimal_service/ament_xmllint/xmllint.txt" "--command" "/opt/ros/foxy/bin/ament_xmllint" "--xunit-file" "/home/can/ros2_ws/build/examples_rclcpp_minimal_service/test_results/examples_rclcpp_minimal_service/xmllint.xunit.xml"</FullCommandLine>
			<Results>
				<NamedMeasurement type="numeric/double" name="Execution Time">
					<Value>1.30183</Value>
				</NamedMeasurement>
				<NamedMeasurement type="numeric/double" name="Processors">
					<Value>1</Value>
				</NamedMeasurement>
				<NamedMeasurement type="text/string" name="Completion Status">
					<Value>Completed</Value>
				</NamedMeasurement>
				<NamedMeasurement type="text/string" name="Command Line">
					<Value>/usr/bin/python3 "-u" "/opt/ros/foxy/share/ament_cmake_test/cmake/run_test.py" "/home/can/ros2_ws/build/examples_rclcpp_minimal_service/test_results/examples_rclcpp_minimal_service/xmllint.xunit.xml" "--package-name" "examples_rclcpp_minimal_service" "--output-file" "/home/can/ros2_ws/build/examples_rclcpp_minimal_service/ament_xmllint/xmllint.txt" "--command" "/opt/ros/foxy/bin/ament_xmllint" "--xunit-file" "/home/can/ros2_ws/build/examples_rclcpp_minimal_service/test_results/examples_rclcpp_minimal_service/xmllint.xunit.xml"</Value>
				</NamedMeasurement>
				<Measurement>
					<Value>-- run_test.py: invoking following command in '/home/can/ros2_ws/src/examples/rclcpp/services/minimal_service':
 - /opt/ros/foxy/bin/ament_xmllint --xunit-file /home/can/ros2_ws/build/examples_rclcpp_minimal_service/test_results/examples_rclcpp_minimal_service/xmllint.xunit.xml
File 'package.xml' is valid

No problems found
-- run_test.py: return code 0
-- run_test.py: verify result file '/home/can/ros2_ws/build/examples_rclcpp_minimal_service/test_results/examples_rclcpp_minimal_service/xmllint.xunit.xml'
</Value>
				</Measurement>
			</Results>
			<Labels>
				<Label>linter</Label>
				<Label>xmllint</Label>
			</Labels>
		</Test>
		<EndDateTime>Dec 16 18:27 +03</EndDateTime>
		<EndTestTime>1702740432</EndTestTime>
		<ElapsedMinutes>0</ElapsedMinutes>
	</Testing>
</Site>
