<?xml version="1.0" encoding="utf-8"?><testsuites><testsuite errors="0" failures="1" hostname="can-TULPAR-T7-V20-4" name="pytest" skipped="0" tests="3" time="0.328" timestamp="2023-12-16T18:27:10.953457"><testcase classname="py_pubsub.test.test_copyright" file="test/test_copyright.py" line="18" name="test_copyright" time="0.019"><system-out>No problems found, checked 6 files
</system-out></testcase><testcase classname="py_pubsub.test.test_flake8" file="test/test_flake8.py" line="18" name="test_flake8" time="0.138"><failure message="AssertionError: Found 4 code style errors / warnings:
  ./setup.py:23:9: W191 indentation contains tabs
  ./setup.py:23:9: E101 indentation contains mixed spaces and tabs
  ./setup.py:24:9: W191 indentation contains tabs
  ./setup.py:24:9: E101 indentation contains mixed spaces and tabs
assert 1 == 0">test/test_flake8.py:23: in test_flake8
    assert rc == 0, \
E   AssertionError: Found 4 code style errors / warnings:
E     ./setup.py:23:9: W191 indentation contains tabs
E     ./setup.py:23:9: E101 indentation contains mixed spaces and tabs
E     ./setup.py:24:9: W191 indentation contains tabs
E     ./setup.py:24:9: E101 indentation contains mixed spaces and tabs
E   assert 1 == 0</failure><system-out>
./setup.py:23:9: W191 indentation contains tabs
        	&apos;talker = py_pubsub.publisher_member_function:main&apos;,
        ^

./setup.py:23:9: E101 indentation contains mixed spaces and tabs
        	&apos;talker = py_pubsub.publisher_member_function:main&apos;,
        ^

./setup.py:24:9: W191 indentation contains tabs
        	&apos;listener = py_pubsub.subscriber_member_function:main&apos;,
        ^

./setup.py:24:9: E101 indentation contains mixed spaces and tabs
        	&apos;listener = py_pubsub.subscriber_member_function:main&apos;,
        ^

2     E101 indentation contains mixed spaces and tabs
2     W191 indentation contains tabs

7 files checked
4 errors

&apos;E&apos;-type errors: 2
&apos;W&apos;-type errors: 2

Checked files:

* ./setup.py
* ./py_pubsub/__init__.py
* ./py_pubsub/publisher_member_function.py
* ./py_pubsub/subscriber_member_function.py
* ./test/test_flake8.py
* ./test/test_pep257.py
* ./test/test_copyright.py
</system-out></testcase><testcase classname="py_pubsub.test.test_pep257" file="test/test_pep257.py" line="18" name="test_pep257" time="0.031"><system-out>checking ./py_pubsub/__init__.py
checking ./py_pubsub/publisher_member_function.py
checking ./py_pubsub/subscriber_member_function.py
checking ./setup.py
checking ./test/test_copyright.py
checking ./test/test_flake8.py
checking ./test/test_pep257.py
checking test/test_copyright.py
checking test/test_flake8.py
checking test/test_pep257.py
No problems found
</system-out></testcase></testsuite></testsuites>